ERROR - 2022-12-05 17:35:43 --> mysqli_sql_exception: Cannot add or update a child row: a foreign key constraint fails (`tienda`.`venta`, CONSTRAINT `venta_ibfk_1` FOREIGN KEY (`factura_Id`, `factura_cliente_Id`) REFERENCES `factura` (`Id`, `cliente_Id`)) in C:\xampp\htdocs\Tienda\system\Database\MySQLi\Connection.php:292
Stack trace:
#0 C:\xampp\htdocs\Tienda\system\Database\MySQLi\Connection.php(292): mysqli->query('INSERT INTO `ve...', 0)
#1 C:\xampp\htdocs\Tienda\system\Database\BaseConnection.php(666): CodeIgniter\Database\MySQLi\Connection->execute('INSERT INTO `ve...')
#2 C:\xampp\htdocs\Tienda\system\Database\BaseConnection.php(593): CodeIgniter\Database\BaseConnection->simpleQuery('INSERT INTO `ve...')
#3 C:\xampp\htdocs\Tienda\system\Database\BaseBuilder.php(1916): CodeIgniter\Database\BaseConnection->query('INSERT INTO `ve...', Array, false)
#4 C:\xampp\htdocs\Tienda\system\Model.php(279): CodeIgniter\Database\BaseBuilder->insert()
#5 C:\xampp\htdocs\Tienda\system\BaseModel.php(749): CodeIgniter\Model->doInsert(Array)
#6 C:\xampp\htdocs\Tienda\system\Model.php(667): CodeIgniter\BaseModel->insert(Array, true)
#7 C:\xampp\htdocs\Tienda\app\Controllers\API\Ventas.php(23): CodeIgniter\Model->insert(Object(stdClass))
#8 C:\xampp\htdocs\Tienda\system\CodeIgniter.php(927): App\Controllers\API\Ventas->crear()
#9 C:\xampp\htdocs\Tienda\system\CodeIgniter.php(482): CodeIgniter\CodeIgniter->runController(Object(App\Controllers\API\Ventas))
#10 C:\xampp\htdocs\Tienda\system\CodeIgniter.php(351): CodeIgniter\CodeIgniter->handleRequest(NULL, Object(Config\Cache), false)
#11 C:\xampp\htdocs\Tienda\public\index.php(81): CodeIgniter\CodeIgniter->run()
#12 C:\xampp\htdocs\Tienda\system\Commands\Server\rewrite.php(46): require_once('C:\\xampp\\htdocs...')
#13 {main}
ERROR - 2022-12-05 17:36:06 --> mysqli_sql_exception: Cannot add or update a child row: a foreign key constraint fails (`tienda`.`venta`, CONSTRAINT `venta_ibfk_1` FOREIGN KEY (`factura_Id`, `factura_cliente_Id`) REFERENCES `factura` (`Id`, `cliente_Id`)) in C:\xampp\htdocs\Tienda\system\Database\MySQLi\Connection.php:292
Stack trace:
#0 C:\xampp\htdocs\Tienda\system\Database\MySQLi\Connection.php(292): mysqli->query('INSERT INTO `ve...', 0)
#1 C:\xampp\htdocs\Tienda\system\Database\BaseConnection.php(666): CodeIgniter\Database\MySQLi\Connection->execute('INSERT INTO `ve...')
#2 C:\xampp\htdocs\Tienda\system\Database\BaseConnection.php(593): CodeIgniter\Database\BaseConnection->simpleQuery('INSERT INTO `ve...')
#3 C:\xampp\htdocs\Tienda\system\Database\BaseBuilder.php(1916): CodeIgniter\Database\BaseConnection->query('INSERT INTO `ve...', Array, false)
#4 C:\xampp\htdocs\Tienda\system\Model.php(279): CodeIgniter\Database\BaseBuilder->insert()
#5 C:\xampp\htdocs\Tienda\system\BaseModel.php(749): CodeIgniter\Model->doInsert(Array)
#6 C:\xampp\htdocs\Tienda\system\Model.php(667): CodeIgniter\BaseModel->insert(Array, true)
#7 C:\xampp\htdocs\Tienda\app\Controllers\API\Ventas.php(23): CodeIgniter\Model->insert(Object(stdClass))
#8 C:\xampp\htdocs\Tienda\system\CodeIgniter.php(927): App\Controllers\API\Ventas->crear()
#9 C:\xampp\htdocs\Tienda\system\CodeIgniter.php(482): CodeIgniter\CodeIgniter->runController(Object(App\Controllers\API\Ventas))
#10 C:\xampp\htdocs\Tienda\system\CodeIgniter.php(351): CodeIgniter\CodeIgniter->handleRequest(NULL, Object(Config\Cache), false)
#11 C:\xampp\htdocs\Tienda\public\index.php(81): CodeIgniter\CodeIgniter->run()
#12 C:\xampp\htdocs\Tienda\system\Commands\Server\rewrite.php(46): require_once('C:\\xampp\\htdocs...')
#13 {main}
