ERROR - 2022-12-12 23:05:50 --> mysqli_sql_exception: Table 'tienda.tcliente' doesn't exist in C:\xampp\htdocs\Tienda\system\Database\MySQLi\Connection.php:292
Stack trace:
#0 C:\xampp\htdocs\Tienda\system\Database\MySQLi\Connection.php(292): mysqli->query('SELECT `tvisita...', 0)
#1 C:\xampp\htdocs\Tienda\system\Database\BaseConnection.php(666): CodeIgniter\Database\MySQLi\Connection->execute('SELECT `tvisita...')
#2 C:\xampp\htdocs\Tienda\system\Database\BaseConnection.php(593): CodeIgniter\Database\BaseConnection->simpleQuery('SELECT `tvisita...')
#3 C:\xampp\htdocs\Tienda\system\Database\BaseBuilder.php(1585): CodeIgniter\Database\BaseConnection->query('SELECT `tvisita...', Array, false)
#4 C:\xampp\htdocs\Tienda\app\Models\FacturasM.php(28): CodeIgniter\Database\BaseBuilder->get()
#5 C:\xampp\htdocs\Tienda\app\Controllers\API\Facturas.php(95): App\Models\FacturasM->Relacion('1')
#6 C:\xampp\htdocs\Tienda\system\CodeIgniter.php(927): App\Controllers\API\Facturas->selectCliente('1')
#7 C:\xampp\htdocs\Tienda\system\CodeIgniter.php(482): CodeIgniter\CodeIgniter->runController(Object(App\Controllers\API\Facturas))
#8 C:\xampp\htdocs\Tienda\system\CodeIgniter.php(351): CodeIgniter\CodeIgniter->handleRequest(NULL, Object(Config\Cache), false)
#9 C:\xampp\htdocs\Tienda\public\index.php(81): CodeIgniter\CodeIgniter->run()
#10 C:\xampp\htdocs\Tienda\system\Commands\Server\rewrite.php(46): require_once('C:\\xampp\\htdocs...')
#11 {main}
CRITICAL - 2022-12-12 23:05:50 --> Call to a member function getResult() on bool
in APPPATH\Models\FacturasM.php on line 29.
 1 APPPATH\Controllers\API\Facturas.php(95): App\Models\FacturasM->Relacion('1')
 2 SYSTEMPATH\CodeIgniter.php(927): App\Controllers\API\Facturas->selectCliente('1')
 3 SYSTEMPATH\CodeIgniter.php(482): CodeIgniter\CodeIgniter->runController(Object(App\Controllers\API\Facturas))
 4 SYSTEMPATH\CodeIgniter.php(351): CodeIgniter\CodeIgniter->handleRequest(null, Object(Config\Cache), false)
 5 FCPATH\index.php(81): CodeIgniter\CodeIgniter->run()
 6 SYSTEMPATH\Commands\Server\rewrite.php(46): require_once('FCPATH\\index.php')
ERROR - 2022-12-12 23:14:57 --> mysqli_sql_exception: Table 'tienda.cuenta' doesn't exist in C:\xampp\htdocs\Tienda\system\Database\MySQLi\Connection.php:292
Stack trace:
#0 C:\xampp\htdocs\Tienda\system\Database\MySQLi\Connection.php(292): mysqli->query('SELECT `cliente...', 0)
#1 C:\xampp\htdocs\Tienda\system\Database\BaseConnection.php(666): CodeIgniter\Database\MySQLi\Connection->execute('SELECT `cliente...')
#2 C:\xampp\htdocs\Tienda\system\Database\BaseConnection.php(593): CodeIgniter\Database\BaseConnection->simpleQuery('SELECT `cliente...')
#3 C:\xampp\htdocs\Tienda\system\Database\BaseBuilder.php(1585): CodeIgniter\Database\BaseConnection->query('SELECT `cliente...', Array, false)
#4 C:\xampp\htdocs\Tienda\app\Models\FacturasM.php(32): CodeIgniter\Database\BaseBuilder->get()
#5 C:\xampp\htdocs\Tienda\app\Controllers\API\Facturas.php(95): App\Models\FacturasM->Relacion('1')
#6 C:\xampp\htdocs\Tienda\system\CodeIgniter.php(927): App\Controllers\API\Facturas->selectCliente('1')
#7 C:\xampp\htdocs\Tienda\system\CodeIgniter.php(482): CodeIgniter\CodeIgniter->runController(Object(App\Controllers\API\Facturas))
#8 C:\xampp\htdocs\Tienda\system\CodeIgniter.php(351): CodeIgniter\CodeIgniter->handleRequest(NULL, Object(Config\Cache), false)
#9 C:\xampp\htdocs\Tienda\public\index.php(81): CodeIgniter\CodeIgniter->run()
#10 C:\xampp\htdocs\Tienda\system\Commands\Server\rewrite.php(46): require_once('C:\\xampp\\htdocs...')
#11 {main}
CRITICAL - 2022-12-12 23:14:57 --> Call to a member function getResult() on bool
in APPPATH\Models\FacturasM.php on line 33.
 1 APPPATH\Controllers\API\Facturas.php(95): App\Models\FacturasM->Relacion('1')
 2 SYSTEMPATH\CodeIgniter.php(927): App\Controllers\API\Facturas->selectCliente('1')
 3 SYSTEMPATH\CodeIgniter.php(482): CodeIgniter\CodeIgniter->runController(Object(App\Controllers\API\Facturas))
 4 SYSTEMPATH\CodeIgniter.php(351): CodeIgniter\CodeIgniter->handleRequest(null, Object(Config\Cache), false)
 5 FCPATH\index.php(81): CodeIgniter\CodeIgniter->run()
 6 SYSTEMPATH\Commands\Server\rewrite.php(46): require_once('FCPATH\\index.php')
ERROR - 2022-12-12 23:21:54 --> mysqli_sql_exception: Unknown column 'cliente.Apellido' in 'field list' in C:\xampp\htdocs\Tienda\system\Database\MySQLi\Connection.php:292
Stack trace:
#0 C:\xampp\htdocs\Tienda\system\Database\MySQLi\Connection.php(292): mysqli->query('SELECT `cliente...', 0)
#1 C:\xampp\htdocs\Tienda\system\Database\BaseConnection.php(666): CodeIgniter\Database\MySQLi\Connection->execute('SELECT `cliente...')
#2 C:\xampp\htdocs\Tienda\system\Database\BaseConnection.php(593): CodeIgniter\Database\BaseConnection->simpleQuery('SELECT `cliente...')
#3 C:\xampp\htdocs\Tienda\system\Database\BaseBuilder.php(1585): CodeIgniter\Database\BaseConnection->query('SELECT `cliente...', Array, false)
#4 C:\xampp\htdocs\Tienda\app\Models\FacturasM.php(32): CodeIgniter\Database\BaseBuilder->get()
#5 C:\xampp\htdocs\Tienda\app\Controllers\API\Facturas.php(95): App\Models\FacturasM->Relacion('1')
#6 C:\xampp\htdocs\Tienda\system\CodeIgniter.php(927): App\Controllers\API\Facturas->selectCliente('1')
#7 C:\xampp\htdocs\Tienda\system\CodeIgniter.php(482): CodeIgniter\CodeIgniter->runController(Object(App\Controllers\API\Facturas))
#8 C:\xampp\htdocs\Tienda\system\CodeIgniter.php(351): CodeIgniter\CodeIgniter->handleRequest(NULL, Object(Config\Cache), false)
#9 C:\xampp\htdocs\Tienda\public\index.php(81): CodeIgniter\CodeIgniter->run()
#10 C:\xampp\htdocs\Tienda\system\Commands\Server\rewrite.php(46): require_once('C:\\xampp\\htdocs...')
#11 {main}
CRITICAL - 2022-12-12 23:21:54 --> Call to a member function getResult() on bool
in APPPATH\Models\FacturasM.php on line 33.
 1 APPPATH\Controllers\API\Facturas.php(95): App\Models\FacturasM->Relacion('1')
 2 SYSTEMPATH\CodeIgniter.php(927): App\Controllers\API\Facturas->selectCliente('1')
 3 SYSTEMPATH\CodeIgniter.php(482): CodeIgniter\CodeIgniter->runController(Object(App\Controllers\API\Facturas))
 4 SYSTEMPATH\CodeIgniter.php(351): CodeIgniter\CodeIgniter->handleRequest(null, Object(Config\Cache), false)
 5 FCPATH\index.php(81): CodeIgniter\CodeIgniter->run()
 6 SYSTEMPATH\Commands\Server\rewrite.php(46): require_once('FCPATH\\index.php')
