ERROR - 2022-12-14 11:49:52 --> mysqli_sql_exception: Cannot delete or update a parent row: a foreign key constraint fails (`tienda`.`venta`, CONSTRAINT `venta_ibfk_1` FOREIGN KEY (`factura_Id`, `factura_cliente_Id`) REFERENCES `factura` (`Id`, `cliente_Id`)) in C:\xampp\htdocs\Tienda\system\Database\MySQLi\Connection.php:292
Stack trace:
#0 C:\xampp\htdocs\Tienda\system\Database\MySQLi\Connection.php(292): mysqli->query('UPDATE `factura...', 0)
#1 C:\xampp\htdocs\Tienda\system\Database\BaseConnection.php(666): CodeIgniter\Database\MySQLi\Connection->execute('UPDATE `factura...')
#2 C:\xampp\htdocs\Tienda\system\Database\BaseConnection.php(593): CodeIgniter\Database\BaseConnection->simpleQuery('UPDATE `factura...')
#3 C:\xampp\htdocs\Tienda\system\Database\BaseBuilder.php(2079): CodeIgniter\Database\BaseConnection->query('UPDATE `factura...', Array, false)
#4 C:\xampp\htdocs\Tienda\system\Model.php(338): CodeIgniter\Database\BaseBuilder->update()
#5 C:\xampp\htdocs\Tienda\system\BaseModel.php(886): CodeIgniter\Model->doUpdate(Array, Array)
#6 C:\xampp\htdocs\Tienda\system\Model.php(693): CodeIgniter\BaseModel->update(Array, Array)
#7 C:\xampp\htdocs\Tienda\app\Controllers\API\Facturas.php(51): CodeIgniter\Model->update('1', Object(stdClass))
#8 C:\xampp\htdocs\Tienda\system\CodeIgniter.php(927): App\Controllers\API\Facturas->editar('1')
#9 C:\xampp\htdocs\Tienda\system\CodeIgniter.php(482): CodeIgniter\CodeIgniter->runController(Object(App\Controllers\API\Facturas))
#10 C:\xampp\htdocs\Tienda\system\CodeIgniter.php(351): CodeIgniter\CodeIgniter->handleRequest(NULL, Object(Config\Cache), false)
#11 C:\xampp\htdocs\Tienda\public\index.php(81): CodeIgniter\CodeIgniter->run()
#12 C:\xampp\htdocs\Tienda\system\Commands\Server\rewrite.php(46): require_once('C:\\xampp\\htdocs...')
#13 {main}
ERROR - 2022-12-14 11:50:28 --> mysqli_sql_exception: Cannot delete or update a parent row: a foreign key constraint fails (`tienda`.`venta`, CONSTRAINT `venta_ibfk_1` FOREIGN KEY (`factura_Id`, `factura_cliente_Id`) REFERENCES `factura` (`Id`, `cliente_Id`)) in C:\xampp\htdocs\Tienda\system\Database\MySQLi\Connection.php:292
Stack trace:
#0 C:\xampp\htdocs\Tienda\system\Database\MySQLi\Connection.php(292): mysqli->query('UPDATE `factura...', 0)
#1 C:\xampp\htdocs\Tienda\system\Database\BaseConnection.php(666): CodeIgniter\Database\MySQLi\Connection->execute('UPDATE `factura...')
#2 C:\xampp\htdocs\Tienda\system\Database\BaseConnection.php(593): CodeIgniter\Database\BaseConnection->simpleQuery('UPDATE `factura...')
#3 C:\xampp\htdocs\Tienda\system\Database\BaseBuilder.php(2079): CodeIgniter\Database\BaseConnection->query('UPDATE `factura...', Array, false)
#4 C:\xampp\htdocs\Tienda\system\Model.php(338): CodeIgniter\Database\BaseBuilder->update()
#5 C:\xampp\htdocs\Tienda\system\BaseModel.php(886): CodeIgniter\Model->doUpdate(Array, Array)
#6 C:\xampp\htdocs\Tienda\system\Model.php(693): CodeIgniter\BaseModel->update(Array, Array)
#7 C:\xampp\htdocs\Tienda\app\Controllers\API\Facturas.php(51): CodeIgniter\Model->update('1', Object(stdClass))
#8 C:\xampp\htdocs\Tienda\system\CodeIgniter.php(927): App\Controllers\API\Facturas->editar('1')
#9 C:\xampp\htdocs\Tienda\system\CodeIgniter.php(482): CodeIgniter\CodeIgniter->runController(Object(App\Controllers\API\Facturas))
#10 C:\xampp\htdocs\Tienda\system\CodeIgniter.php(351): CodeIgniter\CodeIgniter->handleRequest(NULL, Object(Config\Cache), false)
#11 C:\xampp\htdocs\Tienda\public\index.php(81): CodeIgniter\CodeIgniter->run()
#12 C:\xampp\htdocs\Tienda\system\Commands\Server\rewrite.php(46): require_once('C:\\xampp\\htdocs...')
#13 {main}
ERROR - 2022-12-14 11:51:07 --> mysqli_sql_exception: Cannot delete or update a parent row: a foreign key constraint fails (`tienda`.`venta`, CONSTRAINT `venta_ibfk_1` FOREIGN KEY (`factura_Id`, `factura_cliente_Id`) REFERENCES `factura` (`Id`, `cliente_Id`)) in C:\xampp\htdocs\Tienda\system\Database\MySQLi\Connection.php:292
Stack trace:
#0 C:\xampp\htdocs\Tienda\system\Database\MySQLi\Connection.php(292): mysqli->query('UPDATE `factura...', 0)
#1 C:\xampp\htdocs\Tienda\system\Database\BaseConnection.php(666): CodeIgniter\Database\MySQLi\Connection->execute('UPDATE `factura...')
#2 C:\xampp\htdocs\Tienda\system\Database\BaseConnection.php(593): CodeIgniter\Database\BaseConnection->simpleQuery('UPDATE `factura...')
#3 C:\xampp\htdocs\Tienda\system\Database\BaseBuilder.php(2079): CodeIgniter\Database\BaseConnection->query('UPDATE `factura...', Array, false)
#4 C:\xampp\htdocs\Tienda\system\Model.php(338): CodeIgniter\Database\BaseBuilder->update()
#5 C:\xampp\htdocs\Tienda\system\BaseModel.php(886): CodeIgniter\Model->doUpdate(Array, Array)
#6 C:\xampp\htdocs\Tienda\system\Model.php(693): CodeIgniter\BaseModel->update(Array, Array)
#7 C:\xampp\htdocs\Tienda\app\Controllers\API\Facturas.php(51): CodeIgniter\Model->update('1', Object(stdClass))
#8 C:\xampp\htdocs\Tienda\system\CodeIgniter.php(927): App\Controllers\API\Facturas->editar('1')
#9 C:\xampp\htdocs\Tienda\system\CodeIgniter.php(482): CodeIgniter\CodeIgniter->runController(Object(App\Controllers\API\Facturas))
#10 C:\xampp\htdocs\Tienda\system\CodeIgniter.php(351): CodeIgniter\CodeIgniter->handleRequest(NULL, Object(Config\Cache), false)
#11 C:\xampp\htdocs\Tienda\public\index.php(81): CodeIgniter\CodeIgniter->run()
#12 C:\xampp\htdocs\Tienda\system\Commands\Server\rewrite.php(46): require_once('C:\\xampp\\htdocs...')
#13 {main}
ERROR - 2022-12-14 11:52:35 --> mysqli_sql_exception: Cannot delete or update a parent row: a foreign key constraint fails (`tienda`.`venta`, CONSTRAINT `venta_ibfk_1` FOREIGN KEY (`factura_Id`, `factura_cliente_Id`) REFERENCES `factura` (`Id`, `cliente_Id`)) in C:\xampp\htdocs\Tienda\system\Database\MySQLi\Connection.php:292
Stack trace:
#0 C:\xampp\htdocs\Tienda\system\Database\MySQLi\Connection.php(292): mysqli->query('UPDATE `factura...', 0)
#1 C:\xampp\htdocs\Tienda\system\Database\BaseConnection.php(666): CodeIgniter\Database\MySQLi\Connection->execute('UPDATE `factura...')
#2 C:\xampp\htdocs\Tienda\system\Database\BaseConnection.php(593): CodeIgniter\Database\BaseConnection->simpleQuery('UPDATE `factura...')
#3 C:\xampp\htdocs\Tienda\system\Database\BaseBuilder.php(2079): CodeIgniter\Database\BaseConnection->query('UPDATE `factura...', Array, false)
#4 C:\xampp\htdocs\Tienda\system\Model.php(338): CodeIgniter\Database\BaseBuilder->update()
#5 C:\xampp\htdocs\Tienda\system\BaseModel.php(886): CodeIgniter\Model->doUpdate(Array, Array)
#6 C:\xampp\htdocs\Tienda\system\Model.php(693): CodeIgniter\BaseModel->update(Array, Array)
#7 C:\xampp\htdocs\Tienda\app\Controllers\API\Facturas.php(51): CodeIgniter\Model->update('1', Object(stdClass))
#8 C:\xampp\htdocs\Tienda\system\CodeIgniter.php(927): App\Controllers\API\Facturas->editar('1')
#9 C:\xampp\htdocs\Tienda\system\CodeIgniter.php(482): CodeIgniter\CodeIgniter->runController(Object(App\Controllers\API\Facturas))
#10 C:\xampp\htdocs\Tienda\system\CodeIgniter.php(351): CodeIgniter\CodeIgniter->handleRequest(NULL, Object(Config\Cache), false)
#11 C:\xampp\htdocs\Tienda\public\index.php(81): CodeIgniter\CodeIgniter->run()
#12 C:\xampp\htdocs\Tienda\system\Commands\Server\rewrite.php(46): require_once('C:\\xampp\\htdocs...')
#13 {main}
ERROR - 2022-12-14 11:54:56 --> mysqli_sql_exception: Cannot delete or update a parent row: a foreign key constraint fails (`tienda`.`venta`, CONSTRAINT `venta_ibfk_1` FOREIGN KEY (`factura_Id`, `factura_cliente_Id`) REFERENCES `factura` (`Id`, `cliente_Id`)) in C:\xampp\htdocs\Tienda\system\Database\MySQLi\Connection.php:292
Stack trace:
#0 C:\xampp\htdocs\Tienda\system\Database\MySQLi\Connection.php(292): mysqli->query('UPDATE `factura...', 0)
#1 C:\xampp\htdocs\Tienda\system\Database\BaseConnection.php(666): CodeIgniter\Database\MySQLi\Connection->execute('UPDATE `factura...')
#2 C:\xampp\htdocs\Tienda\system\Database\BaseConnection.php(593): CodeIgniter\Database\BaseConnection->simpleQuery('UPDATE `factura...')
#3 C:\xampp\htdocs\Tienda\system\Database\BaseBuilder.php(2079): CodeIgniter\Database\BaseConnection->query('UPDATE `factura...', Array, false)
#4 C:\xampp\htdocs\Tienda\system\Model.php(338): CodeIgniter\Database\BaseBuilder->update()
#5 C:\xampp\htdocs\Tienda\system\BaseModel.php(886): CodeIgniter\Model->doUpdate(Array, Array)
#6 C:\xampp\htdocs\Tienda\system\Model.php(693): CodeIgniter\BaseModel->update(Array, Array)
#7 C:\xampp\htdocs\Tienda\app\Controllers\API\Facturas.php(51): CodeIgniter\Model->update('1', Object(stdClass))
#8 C:\xampp\htdocs\Tienda\system\CodeIgniter.php(927): App\Controllers\API\Facturas->editar('1')
#9 C:\xampp\htdocs\Tienda\system\CodeIgniter.php(482): CodeIgniter\CodeIgniter->runController(Object(App\Controllers\API\Facturas))
#10 C:\xampp\htdocs\Tienda\system\CodeIgniter.php(351): CodeIgniter\CodeIgniter->handleRequest(NULL, Object(Config\Cache), false)
#11 C:\xampp\htdocs\Tienda\public\index.php(81): CodeIgniter\CodeIgniter->run()
#12 C:\xampp\htdocs\Tienda\system\Commands\Server\rewrite.php(46): require_once('C:\\xampp\\htdocs...')
#13 {main}
ERROR - 2022-12-14 11:55:08 --> mysqli_sql_exception: Cannot delete or update a parent row: a foreign key constraint fails (`tienda`.`venta`, CONSTRAINT `venta_ibfk_1` FOREIGN KEY (`factura_Id`, `factura_cliente_Id`) REFERENCES `factura` (`Id`, `cliente_Id`)) in C:\xampp\htdocs\Tienda\system\Database\MySQLi\Connection.php:292
Stack trace:
#0 C:\xampp\htdocs\Tienda\system\Database\MySQLi\Connection.php(292): mysqli->query('UPDATE `factura...', 0)
#1 C:\xampp\htdocs\Tienda\system\Database\BaseConnection.php(666): CodeIgniter\Database\MySQLi\Connection->execute('UPDATE `factura...')
#2 C:\xampp\htdocs\Tienda\system\Database\BaseConnection.php(593): CodeIgniter\Database\BaseConnection->simpleQuery('UPDATE `factura...')
#3 C:\xampp\htdocs\Tienda\system\Database\BaseBuilder.php(2079): CodeIgniter\Database\BaseConnection->query('UPDATE `factura...', Array, false)
#4 C:\xampp\htdocs\Tienda\system\Model.php(338): CodeIgniter\Database\BaseBuilder->update()
#5 C:\xampp\htdocs\Tienda\system\BaseModel.php(886): CodeIgniter\Model->doUpdate(Array, Array)
#6 C:\xampp\htdocs\Tienda\system\Model.php(693): CodeIgniter\BaseModel->update(Array, Array)
#7 C:\xampp\htdocs\Tienda\app\Controllers\API\Facturas.php(51): CodeIgniter\Model->update('1', Object(stdClass))
#8 C:\xampp\htdocs\Tienda\system\CodeIgniter.php(927): App\Controllers\API\Facturas->editar('1')
#9 C:\xampp\htdocs\Tienda\system\CodeIgniter.php(482): CodeIgniter\CodeIgniter->runController(Object(App\Controllers\API\Facturas))
#10 C:\xampp\htdocs\Tienda\system\CodeIgniter.php(351): CodeIgniter\CodeIgniter->handleRequest(NULL, Object(Config\Cache), false)
#11 C:\xampp\htdocs\Tienda\public\index.php(81): CodeIgniter\CodeIgniter->run()
#12 C:\xampp\htdocs\Tienda\system\Commands\Server\rewrite.php(46): require_once('C:\\xampp\\htdocs...')
#13 {main}
ERROR - 2022-12-14 11:55:39 --> mysqli_sql_exception: Cannot delete or update a parent row: a foreign key constraint fails (`tienda`.`venta`, CONSTRAINT `venta_ibfk_1` FOREIGN KEY (`factura_Id`, `factura_cliente_Id`) REFERENCES `factura` (`Id`, `cliente_Id`)) in C:\xampp\htdocs\Tienda\system\Database\MySQLi\Connection.php:292
Stack trace:
#0 C:\xampp\htdocs\Tienda\system\Database\MySQLi\Connection.php(292): mysqli->query('UPDATE `factura...', 0)
#1 C:\xampp\htdocs\Tienda\system\Database\BaseConnection.php(666): CodeIgniter\Database\MySQLi\Connection->execute('UPDATE `factura...')
#2 C:\xampp\htdocs\Tienda\system\Database\BaseConnection.php(593): CodeIgniter\Database\BaseConnection->simpleQuery('UPDATE `factura...')
#3 C:\xampp\htdocs\Tienda\system\Database\BaseBuilder.php(2079): CodeIgniter\Database\BaseConnection->query('UPDATE `factura...', Array, false)
#4 C:\xampp\htdocs\Tienda\system\Model.php(338): CodeIgniter\Database\BaseBuilder->update()
#5 C:\xampp\htdocs\Tienda\system\BaseModel.php(886): CodeIgniter\Model->doUpdate(Array, Array)
#6 C:\xampp\htdocs\Tienda\system\Model.php(693): CodeIgniter\BaseModel->update(Array, Array)
#7 C:\xampp\htdocs\Tienda\app\Controllers\API\Facturas.php(51): CodeIgniter\Model->update('1', Object(stdClass))
#8 C:\xampp\htdocs\Tienda\system\CodeIgniter.php(927): App\Controllers\API\Facturas->editar('1')
#9 C:\xampp\htdocs\Tienda\system\CodeIgniter.php(482): CodeIgniter\CodeIgniter->runController(Object(App\Controllers\API\Facturas))
#10 C:\xampp\htdocs\Tienda\system\CodeIgniter.php(351): CodeIgniter\CodeIgniter->handleRequest(NULL, Object(Config\Cache), false)
#11 C:\xampp\htdocs\Tienda\public\index.php(81): CodeIgniter\CodeIgniter->run()
#12 C:\xampp\htdocs\Tienda\system\Commands\Server\rewrite.php(46): require_once('C:\\xampp\\htdocs...')
#13 {main}
ERROR - 2022-12-14 11:56:02 --> mysqli_sql_exception: Cannot delete or update a parent row: a foreign key constraint fails (`tienda`.`venta`, CONSTRAINT `venta_ibfk_1` FOREIGN KEY (`factura_Id`, `factura_cliente_Id`) REFERENCES `factura` (`Id`, `cliente_Id`)) in C:\xampp\htdocs\Tienda\system\Database\MySQLi\Connection.php:292
Stack trace:
#0 C:\xampp\htdocs\Tienda\system\Database\MySQLi\Connection.php(292): mysqli->query('UPDATE `factura...', 0)
#1 C:\xampp\htdocs\Tienda\system\Database\BaseConnection.php(666): CodeIgniter\Database\MySQLi\Connection->execute('UPDATE `factura...')
#2 C:\xampp\htdocs\Tienda\system\Database\BaseConnection.php(593): CodeIgniter\Database\BaseConnection->simpleQuery('UPDATE `factura...')
#3 C:\xampp\htdocs\Tienda\system\Database\BaseBuilder.php(2079): CodeIgniter\Database\BaseConnection->query('UPDATE `factura...', Array, false)
#4 C:\xampp\htdocs\Tienda\system\Model.php(338): CodeIgniter\Database\BaseBuilder->update()
#5 C:\xampp\htdocs\Tienda\system\BaseModel.php(886): CodeIgniter\Model->doUpdate(Array, Array)
#6 C:\xampp\htdocs\Tienda\system\Model.php(693): CodeIgniter\BaseModel->update(Array, Array)
#7 C:\xampp\htdocs\Tienda\app\Controllers\API\Facturas.php(51): CodeIgniter\Model->update('1', Object(stdClass))
#8 C:\xampp\htdocs\Tienda\system\CodeIgniter.php(927): App\Controllers\API\Facturas->editar('1')
#9 C:\xampp\htdocs\Tienda\system\CodeIgniter.php(482): CodeIgniter\CodeIgniter->runController(Object(App\Controllers\API\Facturas))
#10 C:\xampp\htdocs\Tienda\system\CodeIgniter.php(351): CodeIgniter\CodeIgniter->handleRequest(NULL, Object(Config\Cache), false)
#11 C:\xampp\htdocs\Tienda\public\index.php(81): CodeIgniter\CodeIgniter->run()
#12 C:\xampp\htdocs\Tienda\system\Commands\Server\rewrite.php(46): require_once('C:\\xampp\\htdocs...')
#13 {main}
ERROR - 2022-12-14 11:56:34 --> mysqli_sql_exception: Cannot delete or update a parent row: a foreign key constraint fails (`tienda`.`venta`, CONSTRAINT `venta_ibfk_1` FOREIGN KEY (`factura_Id`, `factura_cliente_Id`) REFERENCES `factura` (`Id`, `cliente_Id`)) in C:\xampp\htdocs\Tienda\system\Database\MySQLi\Connection.php:292
Stack trace:
#0 C:\xampp\htdocs\Tienda\system\Database\MySQLi\Connection.php(292): mysqli->query('UPDATE `factura...', 0)
#1 C:\xampp\htdocs\Tienda\system\Database\BaseConnection.php(666): CodeIgniter\Database\MySQLi\Connection->execute('UPDATE `factura...')
#2 C:\xampp\htdocs\Tienda\system\Database\BaseConnection.php(593): CodeIgniter\Database\BaseConnection->simpleQuery('UPDATE `factura...')
#3 C:\xampp\htdocs\Tienda\system\Database\BaseBuilder.php(2079): CodeIgniter\Database\BaseConnection->query('UPDATE `factura...', Array, false)
#4 C:\xampp\htdocs\Tienda\system\Model.php(338): CodeIgniter\Database\BaseBuilder->update()
#5 C:\xampp\htdocs\Tienda\system\BaseModel.php(886): CodeIgniter\Model->doUpdate(Array, Array)
#6 C:\xampp\htdocs\Tienda\system\Model.php(693): CodeIgniter\BaseModel->update(Array, Array)
#7 C:\xampp\htdocs\Tienda\app\Controllers\API\Facturas.php(51): CodeIgniter\Model->update('1', Object(stdClass))
#8 C:\xampp\htdocs\Tienda\system\CodeIgniter.php(927): App\Controllers\API\Facturas->editar('1')
#9 C:\xampp\htdocs\Tienda\system\CodeIgniter.php(482): CodeIgniter\CodeIgniter->runController(Object(App\Controllers\API\Facturas))
#10 C:\xampp\htdocs\Tienda\system\CodeIgniter.php(351): CodeIgniter\CodeIgniter->handleRequest(NULL, Object(Config\Cache), false)
#11 C:\xampp\htdocs\Tienda\public\index.php(81): CodeIgniter\CodeIgniter->run()
#12 C:\xampp\htdocs\Tienda\system\Commands\Server\rewrite.php(46): require_once('C:\\xampp\\htdocs...')
#13 {main}
ERROR - 2022-12-14 11:57:04 --> mysqli_sql_exception: Cannot delete or update a parent row: a foreign key constraint fails (`tienda`.`venta`, CONSTRAINT `venta_ibfk_1` FOREIGN KEY (`factura_Id`, `factura_cliente_Id`) REFERENCES `factura` (`Id`, `cliente_Id`)) in C:\xampp\htdocs\Tienda\system\Database\MySQLi\Connection.php:292
Stack trace:
#0 C:\xampp\htdocs\Tienda\system\Database\MySQLi\Connection.php(292): mysqli->query('UPDATE `factura...', 0)
#1 C:\xampp\htdocs\Tienda\system\Database\BaseConnection.php(666): CodeIgniter\Database\MySQLi\Connection->execute('UPDATE `factura...')
#2 C:\xampp\htdocs\Tienda\system\Database\BaseConnection.php(593): CodeIgniter\Database\BaseConnection->simpleQuery('UPDATE `factura...')
#3 C:\xampp\htdocs\Tienda\system\Database\BaseBuilder.php(2079): CodeIgniter\Database\BaseConnection->query('UPDATE `factura...', Array, false)
#4 C:\xampp\htdocs\Tienda\system\Model.php(338): CodeIgniter\Database\BaseBuilder->update()
#5 C:\xampp\htdocs\Tienda\system\BaseModel.php(886): CodeIgniter\Model->doUpdate(Array, Array)
#6 C:\xampp\htdocs\Tienda\system\Model.php(693): CodeIgniter\BaseModel->update(Array, Array)
#7 C:\xampp\htdocs\Tienda\app\Controllers\API\Facturas.php(51): CodeIgniter\Model->update('1', Object(stdClass))
#8 C:\xampp\htdocs\Tienda\system\CodeIgniter.php(927): App\Controllers\API\Facturas->editar('1')
#9 C:\xampp\htdocs\Tienda\system\CodeIgniter.php(482): CodeIgniter\CodeIgniter->runController(Object(App\Controllers\API\Facturas))
#10 C:\xampp\htdocs\Tienda\system\CodeIgniter.php(351): CodeIgniter\CodeIgniter->handleRequest(NULL, Object(Config\Cache), false)
#11 C:\xampp\htdocs\Tienda\public\index.php(81): CodeIgniter\CodeIgniter->run()
#12 C:\xampp\htdocs\Tienda\system\Commands\Server\rewrite.php(46): require_once('C:\\xampp\\htdocs...')
#13 {main}
ERROR - 2022-12-14 11:57:13 --> mysqli_sql_exception: Cannot delete or update a parent row: a foreign key constraint fails (`tienda`.`venta`, CONSTRAINT `venta_ibfk_1` FOREIGN KEY (`factura_Id`, `factura_cliente_Id`) REFERENCES `factura` (`Id`, `cliente_Id`)) in C:\xampp\htdocs\Tienda\system\Database\MySQLi\Connection.php:292
Stack trace:
#0 C:\xampp\htdocs\Tienda\system\Database\MySQLi\Connection.php(292): mysqli->query('UPDATE `factura...', 0)
#1 C:\xampp\htdocs\Tienda\system\Database\BaseConnection.php(666): CodeIgniter\Database\MySQLi\Connection->execute('UPDATE `factura...')
#2 C:\xampp\htdocs\Tienda\system\Database\BaseConnection.php(593): CodeIgniter\Database\BaseConnection->simpleQuery('UPDATE `factura...')
#3 C:\xampp\htdocs\Tienda\system\Database\BaseBuilder.php(2079): CodeIgniter\Database\BaseConnection->query('UPDATE `factura...', Array, false)
#4 C:\xampp\htdocs\Tienda\system\Model.php(338): CodeIgniter\Database\BaseBuilder->update()
#5 C:\xampp\htdocs\Tienda\system\BaseModel.php(886): CodeIgniter\Model->doUpdate(Array, Array)
#6 C:\xampp\htdocs\Tienda\system\Model.php(693): CodeIgniter\BaseModel->update(Array, Array)
#7 C:\xampp\htdocs\Tienda\app\Controllers\API\Facturas.php(51): CodeIgniter\Model->update('1', Object(stdClass))
#8 C:\xampp\htdocs\Tienda\system\CodeIgniter.php(927): App\Controllers\API\Facturas->editar('1')
#9 C:\xampp\htdocs\Tienda\system\CodeIgniter.php(482): CodeIgniter\CodeIgniter->runController(Object(App\Controllers\API\Facturas))
#10 C:\xampp\htdocs\Tienda\system\CodeIgniter.php(351): CodeIgniter\CodeIgniter->handleRequest(NULL, Object(Config\Cache), false)
#11 C:\xampp\htdocs\Tienda\public\index.php(81): CodeIgniter\CodeIgniter->run()
#12 C:\xampp\htdocs\Tienda\system\Commands\Server\rewrite.php(46): require_once('C:\\xampp\\htdocs...')
#13 {main}
ERROR - 2022-12-14 12:11:51 --> mysqli_sql_exception: Cannot delete or update a parent row: a foreign key constraint fails (`tienda`.`venta`, CONSTRAINT `venta_ibfk_1` FOREIGN KEY (`factura_Id`, `factura_cliente_Id`) REFERENCES `factura` (`Id`, `cliente_Id`)) in C:\xampp\htdocs\Tienda\system\Database\MySQLi\Connection.php:292
Stack trace:
#0 C:\xampp\htdocs\Tienda\system\Database\MySQLi\Connection.php(292): mysqli->query('UPDATE `factura...', 0)
#1 C:\xampp\htdocs\Tienda\system\Database\BaseConnection.php(666): CodeIgniter\Database\MySQLi\Connection->execute('UPDATE `factura...')
#2 C:\xampp\htdocs\Tienda\system\Database\BaseConnection.php(593): CodeIgniter\Database\BaseConnection->simpleQuery('UPDATE `factura...')
#3 C:\xampp\htdocs\Tienda\system\Database\BaseBuilder.php(2079): CodeIgniter\Database\BaseConnection->query('UPDATE `factura...', Array, false)
#4 C:\xampp\htdocs\Tienda\system\Model.php(338): CodeIgniter\Database\BaseBuilder->update()
#5 C:\xampp\htdocs\Tienda\system\BaseModel.php(886): CodeIgniter\Model->doUpdate(Array, Array)
#6 C:\xampp\htdocs\Tienda\system\Model.php(693): CodeIgniter\BaseModel->update(Array, Array)
#7 C:\xampp\htdocs\Tienda\app\Controllers\API\Facturas.php(51): CodeIgniter\Model->update('2', Object(stdClass))
#8 C:\xampp\htdocs\Tienda\system\CodeIgniter.php(927): App\Controllers\API\Facturas->editar('2')
#9 C:\xampp\htdocs\Tienda\system\CodeIgniter.php(482): CodeIgniter\CodeIgniter->runController(Object(App\Controllers\API\Facturas))
#10 C:\xampp\htdocs\Tienda\system\CodeIgniter.php(351): CodeIgniter\CodeIgniter->handleRequest(NULL, Object(Config\Cache), false)
#11 C:\xampp\htdocs\Tienda\public\index.php(81): CodeIgniter\CodeIgniter->run()
#12 C:\xampp\htdocs\Tienda\system\Commands\Server\rewrite.php(46): require_once('C:\\xampp\\htdocs...')
#13 {main}
ERROR - 2022-12-14 12:12:11 --> mysqli_sql_exception: Cannot delete or update a parent row: a foreign key constraint fails (`tienda`.`venta`, CONSTRAINT `venta_ibfk_1` FOREIGN KEY (`factura_Id`, `factura_cliente_Id`) REFERENCES `factura` (`Id`, `cliente_Id`)) in C:\xampp\htdocs\Tienda\system\Database\MySQLi\Connection.php:292
Stack trace:
#0 C:\xampp\htdocs\Tienda\system\Database\MySQLi\Connection.php(292): mysqli->query('UPDATE `factura...', 0)
#1 C:\xampp\htdocs\Tienda\system\Database\BaseConnection.php(666): CodeIgniter\Database\MySQLi\Connection->execute('UPDATE `factura...')
#2 C:\xampp\htdocs\Tienda\system\Database\BaseConnection.php(593): CodeIgniter\Database\BaseConnection->simpleQuery('UPDATE `factura...')
#3 C:\xampp\htdocs\Tienda\system\Database\BaseBuilder.php(2079): CodeIgniter\Database\BaseConnection->query('UPDATE `factura...', Array, false)
#4 C:\xampp\htdocs\Tienda\system\Model.php(338): CodeIgniter\Database\BaseBuilder->update()
#5 C:\xampp\htdocs\Tienda\system\BaseModel.php(886): CodeIgniter\Model->doUpdate(Array, Array)
#6 C:\xampp\htdocs\Tienda\system\Model.php(693): CodeIgniter\BaseModel->update(Array, Array)
#7 C:\xampp\htdocs\Tienda\app\Controllers\API\Facturas.php(51): CodeIgniter\Model->update('2', Object(stdClass))
#8 C:\xampp\htdocs\Tienda\system\CodeIgniter.php(927): App\Controllers\API\Facturas->editar('2')
#9 C:\xampp\htdocs\Tienda\system\CodeIgniter.php(482): CodeIgniter\CodeIgniter->runController(Object(App\Controllers\API\Facturas))
#10 C:\xampp\htdocs\Tienda\system\CodeIgniter.php(351): CodeIgniter\CodeIgniter->handleRequest(NULL, Object(Config\Cache), false)
#11 C:\xampp\htdocs\Tienda\public\index.php(81): CodeIgniter\CodeIgniter->run()
#12 C:\xampp\htdocs\Tienda\system\Commands\Server\rewrite.php(46): require_once('C:\\xampp\\htdocs...')
#13 {main}
ERROR - 2022-12-14 12:12:21 --> mysqli_sql_exception: Cannot delete or update a parent row: a foreign key constraint fails (`tienda`.`venta`, CONSTRAINT `venta_ibfk_1` FOREIGN KEY (`factura_Id`, `factura_cliente_Id`) REFERENCES `factura` (`Id`, `cliente_Id`)) in C:\xampp\htdocs\Tienda\system\Database\MySQLi\Connection.php:292
Stack trace:
#0 C:\xampp\htdocs\Tienda\system\Database\MySQLi\Connection.php(292): mysqli->query('UPDATE `factura...', 0)
#1 C:\xampp\htdocs\Tienda\system\Database\BaseConnection.php(666): CodeIgniter\Database\MySQLi\Connection->execute('UPDATE `factura...')
#2 C:\xampp\htdocs\Tienda\system\Database\BaseConnection.php(593): CodeIgniter\Database\BaseConnection->simpleQuery('UPDATE `factura...')
#3 C:\xampp\htdocs\Tienda\system\Database\BaseBuilder.php(2079): CodeIgniter\Database\BaseConnection->query('UPDATE `factura...', Array, false)
#4 C:\xampp\htdocs\Tienda\system\Model.php(338): CodeIgniter\Database\BaseBuilder->update()
#5 C:\xampp\htdocs\Tienda\system\BaseModel.php(886): CodeIgniter\Model->doUpdate(Array, Array)
#6 C:\xampp\htdocs\Tienda\system\Model.php(693): CodeIgniter\BaseModel->update(Array, Array)
#7 C:\xampp\htdocs\Tienda\app\Controllers\API\Facturas.php(51): CodeIgniter\Model->update('2', Object(stdClass))
#8 C:\xampp\htdocs\Tienda\system\CodeIgniter.php(927): App\Controllers\API\Facturas->editar('2')
#9 C:\xampp\htdocs\Tienda\system\CodeIgniter.php(482): CodeIgniter\CodeIgniter->runController(Object(App\Controllers\API\Facturas))
#10 C:\xampp\htdocs\Tienda\system\CodeIgniter.php(351): CodeIgniter\CodeIgniter->handleRequest(NULL, Object(Config\Cache), false)
#11 C:\xampp\htdocs\Tienda\public\index.php(81): CodeIgniter\CodeIgniter->run()
#12 C:\xampp\htdocs\Tienda\system\Commands\Server\rewrite.php(46): require_once('C:\\xampp\\htdocs...')
#13 {main}
ERROR - 2022-12-14 12:13:08 --> mysqli_sql_exception: Cannot delete or update a parent row: a foreign key constraint fails (`tienda`.`venta`, CONSTRAINT `venta_ibfk_1` FOREIGN KEY (`factura_Id`, `factura_cliente_Id`) REFERENCES `factura` (`Id`, `cliente_Id`)) in C:\xampp\htdocs\Tienda\system\Database\MySQLi\Connection.php:292
Stack trace:
#0 C:\xampp\htdocs\Tienda\system\Database\MySQLi\Connection.php(292): mysqli->query('UPDATE `factura...', 0)
#1 C:\xampp\htdocs\Tienda\system\Database\BaseConnection.php(666): CodeIgniter\Database\MySQLi\Connection->execute('UPDATE `factura...')
#2 C:\xampp\htdocs\Tienda\system\Database\BaseConnection.php(593): CodeIgniter\Database\BaseConnection->simpleQuery('UPDATE `factura...')
#3 C:\xampp\htdocs\Tienda\system\Database\BaseBuilder.php(2079): CodeIgniter\Database\BaseConnection->query('UPDATE `factura...', Array, false)
#4 C:\xampp\htdocs\Tienda\system\Model.php(338): CodeIgniter\Database\BaseBuilder->update()
#5 C:\xampp\htdocs\Tienda\system\BaseModel.php(886): CodeIgniter\Model->doUpdate(Array, Array)
#6 C:\xampp\htdocs\Tienda\system\Model.php(693): CodeIgniter\BaseModel->update(Array, Array)
#7 C:\xampp\htdocs\Tienda\app\Controllers\API\Facturas.php(51): CodeIgniter\Model->update('2', Object(stdClass))
#8 C:\xampp\htdocs\Tienda\system\CodeIgniter.php(927): App\Controllers\API\Facturas->editar('2')
#9 C:\xampp\htdocs\Tienda\system\CodeIgniter.php(482): CodeIgniter\CodeIgniter->runController(Object(App\Controllers\API\Facturas))
#10 C:\xampp\htdocs\Tienda\system\CodeIgniter.php(351): CodeIgniter\CodeIgniter->handleRequest(NULL, Object(Config\Cache), false)
#11 C:\xampp\htdocs\Tienda\public\index.php(81): CodeIgniter\CodeIgniter->run()
#12 C:\xampp\htdocs\Tienda\system\Commands\Server\rewrite.php(46): require_once('C:\\xampp\\htdocs...')
#13 {main}
